<?xml version="1.0" encoding="UTF-8"?>
<!-- Generated by org.testng.reporters.JUnitReportReporter -->
<testsuite skipped="0" hostname="DESKTOP-ASB5QBL" name="testNG.UserReg_TestNG" tests="1" failures="0" timestamp="11 Apr 2024 16:45:00 GMT" time="12.772" errors="0">
  <testcase name="orgUserReg" time="12.772" classname="testNG.UserReg_TestNG"/>
</testsuite> <!-- testNG.UserReg_TestNG -->
