<?xml version="1.0" encoding="UTF-8"?>
<!-- Generated by org.testng.reporters.JUnitReportReporter -->
<testsuite skipped="0" hostname="DESKTOP-ASB5QBL" name="testNG.AnnotationsEg" tests="4" failures="0" timestamp="11 Apr 2024 15:49:31 GMT" time="0.034" errors="0">
  <testcase name="Function1" time="0.018" classname="testNG.AnnotationsEg"/>
  <testcase name="Function2" time="0.005" classname="testNG.AnnotationsEg"/>
  <testcase name="Apple" time="0.006" classname="testNG.AnnotationsEg"/>
  <testcase name="Function3" time="0.005" classname="testNG.AnnotationsEg"/>
</testsuite> <!-- testNG.AnnotationsEg -->
