<?xml version="1.0" encoding="UTF-8"?>
<!-- Generated by org.testng.reporters.JUnitReportReporter -->
<testsuite skipped="0" hostname="DESKTOP-ASB5QBL" name="grid.GridEg" tests="3" failures="0" timestamp="15 Apr 2024 16:36:19 GMT" time="285.059" errors="0">
  <testcase name="grid" time="94.655" classname="grid.GridEg"/>
  <testcase name="grid" time="101.151" classname="grid.GridEg"/>
  <testcase name="grid" time="89.253" classname="grid.GridEg"/>
</testsuite> <!-- grid.GridEg -->
