<?xml version="1.0" encoding="UTF-8"?>
<!-- Generated by org.testng.reporters.JUnitReportReporter -->
<testsuite skipped="0" hostname="DESKTOP-ASB5QBL" name="testNG.PrimusBank_Login_TestNG" tests="1" failures="0" timestamp="11 Apr 2024 15:50:44 GMT" time="5.590" errors="0">
  <testcase name="Login" time="5.590" classname="testNG.PrimusBank_Login_TestNG"/>
</testsuite> <!-- testNG.PrimusBank_Login_TestNG -->
