<?xml version="1.0" encoding="UTF-8"?>
<!-- Generated by org.testng.reporters.JUnitReportReporter -->
<testsuite skipped="0" hostname="DESKTOP-ASB5QBL" name="testNG.EmpRegTest_TestNG" tests="4" failures="0" timestamp="11 Apr 2024 17:01:46 GMT" time="29.430" errors="0">
  <testcase name="orgEmpReg" time="7.883" classname="testNG.EmpRegTest_TestNG"/>
  <testcase name="orgEmpReg" time="6.604" classname="testNG.EmpRegTest_TestNG"/>
  <testcase name="orgEmpReg" time="8.708" classname="testNG.EmpRegTest_TestNG"/>
  <testcase name="orgEmpReg" time="6.235" classname="testNG.EmpRegTest_TestNG"/>
</testsuite> <!-- testNG.EmpRegTest_TestNG -->
